<?xml version="1.0" encoding="UTF-8"?>
<!-- Generated by org.testng.reporters.JUnitReportReporter -->
<testsuite hostname="Shivapujimath" name="DEMO.Demo1" tests="1" failures="0" timestamp="6 Jun 2019 16:18:26 GMT" time="13.461" errors="0">
  <testcase name="testcase1" time="13.461" classname="DEMO.Demo1"/>
</testsuite> <!-- DEMO.Demo1 -->
